#! /c/Source/iverilog-install/bin/vvp
:ivl_version "12.0 (devel)" "(s20150603-1539-g2693dd32b)";
:ivl_delay_selection "TYPICAL";
:vpi_time_precision + 0;
:vpi_module "C:\iverilog\lib\ivl\system.vpi";
:vpi_module "C:\iverilog\lib\ivl\vhdl_sys.vpi";
:vpi_module "C:\iverilog\lib\ivl\vhdl_textio.vpi";
:vpi_module "C:\iverilog\lib\ivl\v2005_math.vpi";
:vpi_module "C:\iverilog\lib\ivl\va_math.vpi";
S_000001656ee7ec80 .scope module, "counter" "counter" 2 23;
 .timescale 0 0;
    .port_info 0 /INPUT 1 "i_clk";
    .port_info 1 /INPUT 1 "i_reset_n";
    .port_info 2 /INPUT 1 "i_rising";
    .port_info 3 /INPUT 1 "i_falling";
    .port_info 4 /OUTPUT 10 "o_count";
P_000001656eec6740 .param/l "WIDTH" 0 2 24, +C4<00000000000000000000000000001010>;
o000001656eec6fd8 .functor BUFZ 1, C4<z>; HiZ drive
v000001656ee92aa0_0 .net "i_clk", 0 0, o000001656eec6fd8;  0 drivers
o000001656eec7008 .functor BUFZ 1, C4<z>; HiZ drive
v000001656ee92cc0_0 .net "i_falling", 0 0, o000001656eec7008;  0 drivers
o000001656eec7038 .functor BUFZ 1, C4<z>; HiZ drive
v000001656ee7ee10_0 .net "i_reset_n", 0 0, o000001656eec7038;  0 drivers
o000001656eec7068 .functor BUFZ 1, C4<z>; HiZ drive
v000001656ee7eeb0_0 .net "i_rising", 0 0, o000001656eec7068;  0 drivers
v000001656ee7b620_0 .var "o_count", 9 0;
E_000001656eec6080/0 .event negedge, v000001656ee7ee10_0;
E_000001656eec6080/1 .event posedge, v000001656ee92aa0_0;
E_000001656eec6080 .event/or E_000001656eec6080/0, E_000001656eec6080/1;
    .scope S_000001656ee7ec80;
T_0 ;
    %wait E_000001656eec6080;
    %load/vec4 v000001656ee7ee10_0;
    %nor/r;
    %flag_set/vec4 8;
    %jmp/0xz  T_0.0, 8;
    %pushi/vec4 0, 0, 10;
    %assign/vec4 v000001656ee7b620_0, 0;
    %jmp T_0.1;
T_0.0 ;
    %load/vec4 v000001656ee7b620_0;
    %addi 1, 0, 10;
    %assign/vec4 v000001656ee7b620_0, 0;
    %load/vec4 v000001656ee7eeb0_0;
    %flag_set/vec4 8;
    %jmp/1 T_0.4, 8;
    %load/vec4 v000001656ee92cc0_0;
    %flag_set/vec4 9;
    %flag_or 8, 9;
T_0.4;
    %jmp/0xz  T_0.2, 8;
    %pushi/vec4 0, 0, 10;
    %assign/vec4 v000001656ee7b620_0, 0;
T_0.2 ;
T_0.1 ;
    %jmp T_0;
    .thread T_0;
# The file index is used to find the file name in the following table.
:file_names 3;
    "N/A";
    "<interactive>";
    "c:\git\leaflab\rtl\counter.v";
